
**** Build of configuration Debug for project Controladores ****

"C:\\ti\\ccsv7\\utils\\bin\\gmake" -k -j 8 all -O 
 
'Building file: "../driverlib/epi_workaround_ccs.s"'
'Invoking: GNU Compiler'
"C:/Users/Andres/AppData/Local/Energia15/packages/energia/tools/arm-none-eabi-gcc/6.3.1-20170620/bin/arm-none-eabi-gcc.exe" -c -mcpu=cortex-m4 -march=armv7e-m -mthumb -mfloat-abi=hard -mfpu=fpv4-sp-d16 -fno-exceptions -Dprintf=iprintf -DF_CPU=80000000L -DENERGIA_EK_TM4C123GXL -DENERGIA_ARCH_TIVAC -DENERGIA=21 -DARDUINO=10610 -I"C:/Users/Andres/AppData/Local/Energia15/packages/energia/hardware/tivac/1.0.3/variants/EK-TM4C123GXL" -I"C:/Users/Andres/AppData/Local/Energia15/packages/energia/hardware/tivac/1.0.3/system/driverlib" -I"C:/Users/Andres/AppData/Local/Energia15/packages/energia/hardware/tivac/1.0.3/system/inc" -I"C:/Users/Andres/AppData/Local/Energia15/packages/energia/hardware/tivac/1.0.3/system" -I"C:/Users/Andres/AppData/Local/Energia15/packages/energia/hardware/tivac/1.0.3/cores/tivac" -I"C:/Users/Andres/Documents/GitHub/Shank2.0/Programacion/CCS/Controladores" -I"C:/Users/Andres/AppData/Local/Energia15/packages/energia/hardware/tivac/1.0.3/libraries/Wire" -I"C:/Users/Andres/Documents/Energia/libraries/l3g-arduino-master" -I"C:/Users/Andres/AppData/Local/Energia15/packages/energia/tools/arm-none-eabi-gcc/6.3.1-20170620/arm-none-eabi/include" -Os -ffunction-sections -fdata-sections -g -gdwarf-3 -gstrict-dwarf -w -Wall -fno-threadsafe-statics --param max-inline-insns-single=500 -mabi=aapcs -MMD -MP -MF"driverlib/epi_workaround_ccs.d" -MT"driverlib/epi_workaround_ccs.o" -x assembler-with-cpp  -o"driverlib/epi_workaround_ccs.o" "../driverlib/epi_workaround_ccs.s"
driverlib/subdir_rules.mk:16: recipe for target 'driverlib/epi_workaround_ccs.o' failed
../driverlib/epi_workaround_ccs.s: Assembler messages:
../driverlib/epi_workaround_ccs.s:1: Error: junk at end of line, first unrecognized character is `*'
../driverlib/epi_workaround_ccs.s:3: Error: bad size 0 in type specifier
../driverlib/epi_workaround_ccs.s:3: Error: bad instruction `epi_workaround_ccs.s -EPI memory access functions.'
../driverlib/epi_workaround_ccs.s:5: Error: bad instruction `copyright (c)2013-2014 Texas Instruments Incorporated. All rights reserved.'
../driverlib/epi_workaround_ccs.s:6: Error: bad instruction `software License Agreement'
../driverlib/epi_workaround_ccs.s:8: Error: bad instruction `redistribution and use in source and binary forms,with or without'
../driverlib/epi_workaround_ccs.s:9: Error: bad instruction `modification, are permitted provided that the following conditions'
../driverlib/epi_workaround_ccs.s:10: Error: bad instruction `are met:'
../driverlib/epi_workaround_ccs.s:12: Error: bad instruction `redistributions of source code must retain the above copyright'
../driverlib/epi_workaround_ccs.s:13: Error: bad instruction `notice, this list of conditions and the following disclaimer.'
../driverlib/epi_workaround_ccs.s:15: Error: bad instruction `redistributions in binary form must reproduce the above copyright'
../driverlib/epi_workaround_ccs.s:16: Error: bad instruction `notice, this list of conditions and the following disclaimer in the'
../driverlib/epi_workaround_ccs.s:17: Error: bad instruction `documentation and/or other materials provided with the'
../driverlib/epi_workaround_ccs.s:18: Error: unexpected character `
../driverlib/epi_workaround_ccs.s:18: Error: bad instruction `distribution.'
../driverlib/epi_workaround_ccs.s:20: Error: bad instruction `neither the name of Texas Instruments Incorporated nor the names of'
../driverlib/epi_workaround_ccs.s:21: Error: bad instruction `its contributors may be used to endorse or promote products derived'
../driverlib/epi_workaround_ccs.s:22: Error: bad instruction `from this software without specific prior written permission.'
../driverlib/epi_workaround_ccs.s:24: Error: bad instruction `this SOFTWARE IS PROVIDED BY THE COPYRIGHT HOLDERS AND CONTRIBUTORS'
../driverlib/epi_workaround_ccs.s:25: Error: bad instruction `as is"AND ANY EXPRESS OR IMPLIED WARRANTIES,INCLUDING,BUT NOT'
../driverlib/epi_workaround_ccs.s:26: Error: bad instruction `limited TO,THE IMPLIED WARRANTIES OF MERCHANTABILITY AND FITNESS FOR'
../driverlib/epi_workaround_ccs.s:27: Error: bad instruction `a PARTICULAR PURPOSE ARE DISCLAIMED. IN NO EVENT SHALL THE COPYRIGHT'
../driverlib/epi_workaround_ccs.s:28: Error: bad instruction `owner OR CONTRIBUTORS BE LIABLE FOR ANY DIRECT,INDIRECT,INCIDENTAL,'
../driverlib/epi_workaround_ccs.s:29: Error: bad instruction `special, EXEMPLARY,OR CONSEQUENTIAL DAMAGES(INCLUDING,BUT NOT'
../driverlib/epi_workaround_ccs.s:30: Error: bad instruction `limited TO,PROCUREMENT OF SUBSTITUTE GOODS OR SERVICES'
../driverlib/epi_workaround_ccs.s:30: Error: bad instruction `loss OF USE,'
../driverlib/epi_workaround_ccs.s:31: Error: bad instruction `data, OR PROFITS'
../driverlib/epi_workaround_ccs.s:31: Error: bad instruction `or BUSINESS INTERRUPTION)HOWEVER CAUSED AND ON ANY'
../driverlib/epi_workaround_ccs.s:32: Error: bad instruction `theory OF LIABILITY,WHETHER IN CONTRACT,STRICT LIABILITY,OR TORT'
../driverlib/epi_workaround_ccs.s:33: Error: junk at end of line, first unrecognized character is `('
../driverlib/epi_workaround_ccs.s:34: Error: bad instruction `of THIS SOFTWARE,EVEN IF ADVISED OF THE POSSIBILITY OF SUCH DAMAGE.'
../driverlib/epi_workaround_ccs.s:36: Error: bad instruction `this is part of revision 2.1.0.12573 of the Tiva Peripheral Driver Library.'
../driverlib/epi_workaround_ccs.s:38: Error: junk at end of line, first unrecognized character is `*'
../driverlib/epi_workaround_ccs.s:40: Error: junk at end of line, first unrecognized character is `*'
../driverlib/epi_workaround_ccs.s:42: Error: bad instruction `void EPIWorkaroundWordWrite(uint32_t*pui32Addr,uint32_t ui32Value)'
../driverlib/epi_workaround_ccs.s:44: Error: junk at end of line, first unrecognized character is `*'
../driverlib/epi_workaround_ccs.s:49: Error: bad instruction `include a no-op to ensure that we don116have a flash data access'
../driverlib/epi_workaround_ccs.s:50: Error: bad instruction `immediately before the EPI access.'
../driverlib/epi_workaround_ccs.s:55: Error: bad instruction `store the word in EPI memory.'
../driverlib/epi_workaround_ccs.s:60: Error: bad instruction `make a dummy read from the stack to ensure that we don116have a flash'
../driverlib/epi_workaround_ccs.s:61: Error: bad instruction `data access immediately after the EPI access.'
../driverlib/epi_workaround_ccs.s:66: Error: bad instruction `return to the caller.'
../driverlib/epi_workaround_ccs.s:72: Error: junk at end of line, first unrecognized character is `*'
../driverlib/epi_workaround_ccs.s:74: Error: bad instruction `uint32_t EPIWorkaroundWordRead(uint32_t*pui32Addr)'
../driverlib/epi_workaround_ccs.s:76: Error: junk at end of line, first unrecognized character is `*'
../driverlib/epi_workaround_ccs.s:81: Error: bad instruction `include a no-op to ensure that we don116have a flash data access'
../driverlib/epi_workaround_ccs.s:82: Error: bad instruction `immediately before the EPI access.'
../driverlib/epi_workaround_ccs.s:87: Error: bad instruction `read the word from EPI memory.'
../driverlib/epi_workaround_ccs.s:92: Error: bad instruction `make a dummy read from the stack to ensure that we don116have a flash'
../driverlib/epi_workaround_ccs.s:93: Error: bad instruction `data access immediately after the EPI access.'
../driverlib/epi_workaround_ccs.s:98: Error: bad instruction `return to the caller.'
../driverlib/epi_workaround_ccs.s:105: Error: junk at end of line, first unrecognized character is `*'
../driverlib/epi_workaround_ccs.s:107: Error: bad instruction `void EPIWorkaroundHWordWrite(uint16_t*pui16Addr,uint16_t ui16Value)'
../driverlib/epi_workaround_ccs.s:109: Error: junk at end of line, first unrecognized character is `*'
../driverlib/epi_workaround_ccs.s:114: Error: bad instruction `include a no-op to ensure that we don116have a flash data access'
../driverlib/epi_workaround_ccs.s:115: Error: bad instruction `immediately before the EPI access.'
../driverlib/epi_workaround_ccs.s:120: Error: bad instruction `store the word in EPI memory.'
../driverlib/epi_workaround_ccs.s:125: Error: bad instruction `make a dummy read from the stack to ensure that we don116have a flash'
../driverlib/epi_workaround_ccs.s:126: Error: bad instruction `data access immediately after the EPI access.'
../driverlib/epi_workaround_ccs.s:131: Error: bad instruction `return to the caller.'
../driverlib/epi_workaround_ccs.s:137: Error: junk at end of line, first unrecognized character is `*'
../driverlib/epi_workaround_ccs.s:139: Error: bad instruction `uint16_t EPIWorkaroundHWordRead(uint16_t*pui16Addr)'
../driverlib/epi_workaround_ccs.s:141: Error: junk at end of line, first unrecognized character is `*'
../driverlib/epi_workaround_ccs.s:146: Error: bad instruction `include a no-op to ensure that we don116have a flash data access'
../driverlib/epi_workaround_ccs.s:147: Error: bad instruction `immediately before the EPI access.'
../driverlib/epi_workaround_ccs.s:152: Error: bad instruction `read the half word from EPI memory.'
../driverlib/epi_workaround_ccs.s:157: Error: bad instruction `make a dummy read from the stack to ensure that we don116have a flash'
../driverlib/epi_workaround_ccs.s:158: Error: bad instruction `data access immediately after the EPI access.'
../driverlib/epi_workaround_ccs.s:163: Error: bad instruction `return to the caller.'
../driverlib/epi_workaround_ccs.s:169: Error: junk at end of line, first unrecognized character is `*'
../driverlib/epi_workaround_ccs.s:171: Error: bad instruction `void EPIWorkaroundByteWrite(uint8_t*pui8Addr,uint8_t ui8Value)'
../driverlib/epi_workaround_ccs.s:173: Error: junk at end of line, first unrecognized character is `*'
../driverlib/epi_workaround_ccs.s:178: Error: bad instruction `include a no-op to ensure that we don116have a flash data access'
../driverlib/epi_workaround_ccs.s:179: Error: bad instruction `immediately before the EPI access.'
../driverlib/epi_workaround_ccs.s:184: Error: bad instruction `store the byte in EPI memory.'
../driverlib/epi_workaround_ccs.s:189: Error: bad instruction `make a dummy read from the stack to ensure that we don116have a flash'
../driverlib/epi_workaround_ccs.s:190: Error: bad instruction `data access immediately after the EPI access.'
../driverlib/epi_workaround_ccs.s:195: Error: bad instruction `return to the caller.'
../driverlib/epi_workaround_ccs.s:201: Error: junk at end of line, first unrecognized character is `*'
../driverlib/epi_workaround_ccs.s:203: Error: bad instruction `uint8_t EPIWorkaroundByteRead(uint8_t*pui8Addr)'
../driverlib/epi_workaround_ccs.s:205: Error: junk at end of line, first unrecognized character is `*'
../driverlib/epi_workaround_ccs.s:210: Error: bad instruction `include a no-op to ensure that we don116have a flash data access'
../driverlib/epi_workaround_ccs.s:211: Error: bad instruction `immediately before the EPI access.'
../driverlib/epi_workaround_ccs.s:216: Error: bad instruction `read the byte from EPI memory.'
../driverlib/epi_workaround_ccs.s:221: Error: bad instruction `make a dummy read from the stack to ensure that we don116have a flash'
../driverlib/epi_workaround_ccs.s:222: Error: bad instruction `data access immediately after the EPI access.'
../driverlib/epi_workaround_ccs.s:227: Error: bad instruction `return to the caller.'
gmake: *** [driverlib/epi_workaround_ccs.o] Error 1
'Building file: "../driverlib/onewire.c"'
'Invoking: GNU Compiler'
"C:/Users/Andres/AppData/Local/Energia15/packages/energia/tools/arm-none-eabi-gcc/6.3.1-20170620/bin/arm-none-eabi-gcc.exe" -c -mcpu=cortex-m4 -march=armv7e-m -mthumb -mfloat-abi=hard -mfpu=fpv4-sp-d16 -fno-exceptions -Dprintf=iprintf -DF_CPU=80000000L -DENERGIA_EK_TM4C123GXL -DENERGIA_ARCH_TIVAC -DENERGIA=21 -DARDUINO=10610 -I"C:/Users/Andres/AppData/Local/Energia15/packages/energia/hardware/tivac/1.0.3/variants/EK-TM4C123GXL" -I"C:/Users/Andres/AppData/Local/Energia15/packages/energia/hardware/tivac/1.0.3/system/driverlib" -I"C:/Users/Andres/AppData/Local/Energia15/packages/energia/hardware/tivac/1.0.3/system/inc" -I"C:/Users/Andres/AppData/Local/Energia15/packages/energia/hardware/tivac/1.0.3/system" -I"C:/Users/Andres/AppData/Local/Energia15/packages/energia/hardware/tivac/1.0.3/cores/tivac" -I"C:/Users/Andres/Documents/GitHub/Shank2.0/Programacion/CCS/Controladores" -I"C:/Users/Andres/AppData/Local/Energia15/packages/energia/hardware/tivac/1.0.3/libraries/Wire" -I"C:/Users/Andres/Documents/Energia/libraries/l3g-arduino-master" -I"C:/Users/Andres/AppData/Local/Energia15/packages/energia/tools/arm-none-eabi-gcc/6.3.1-20170620/arm-none-eabi/include" -Os -ffunction-sections -fdata-sections -g -gdwarf-3 -gstrict-dwarf -w -Wall -fno-threadsafe-statics --param max-inline-insns-single=500 -mabi=aapcs -MMD -MP -MF"driverlib/onewire.d" -MT"driverlib/onewire.o"  -o"driverlib/onewire.o" "../driverlib/onewire.c"
driverlib/subdir_rules.mk:9: recipe for target 'driverlib/onewire.o' failed
../driverlib/onewire.c: In function '_OneWireIntNumberGet':
../driverlib/onewire.c:457:8: error: 'CLASS_IS_TM4E111' undeclared (first use in this function)
     if(CLASS_IS_TM4E111)
        ^~~~~~~~~~~~~~~~
../driverlib/onewire.c:457:8: note: each undeclared identifier is reported only once for each function it appears in
../driverlib/onewire.c:459:19: error: 'INT_ONEWIRE0_TM4E111' undeclared (first use in this function)
         ui32Int = INT_ONEWIRE0_TM4E111;
                   ^~~~~~~~~~~~~~~~~~~~
gmake: *** [driverlib/onewire.o] Error 1
'Building file: "../driverlib/ssi.c"'
'Invoking: GNU Compiler'
"C:/Users/Andres/AppData/Local/Energia15/packages/energia/tools/arm-none-eabi-gcc/6.3.1-20170620/bin/arm-none-eabi-gcc.exe" -c -mcpu=cortex-m4 -march=armv7e-m -mthumb -mfloat-abi=hard -mfpu=fpv4-sp-d16 -fno-exceptions -Dprintf=iprintf -DF_CPU=80000000L -DENERGIA_EK_TM4C123GXL -DENERGIA_ARCH_TIVAC -DENERGIA=21 -DARDUINO=10610 -I"C:/Users/Andres/AppData/Local/Energia15/packages/energia/hardware/tivac/1.0.3/variants/EK-TM4C123GXL" -I"C:/Users/Andres/AppData/Local/Energia15/packages/energia/hardware/tivac/1.0.3/system/driverlib" -I"C:/Users/Andres/AppData/Local/Energia15/packages/energia/hardware/tivac/1.0.3/system/inc" -I"C:/Users/Andres/AppData/Local/Energia15/packages/energia/hardware/tivac/1.0.3/system" -I"C:/Users/Andres/AppData/Local/Energia15/packages/energia/hardware/tivac/1.0.3/cores/tivac" -I"C:/Users/Andres/Documents/GitHub/Shank2.0/Programacion/CCS/Controladores" -I"C:/Users/Andres/AppData/Local/Energia15/packages/energia/hardware/tivac/1.0.3/libraries/Wire" -I"C:/Users/Andres/Documents/Energia/libraries/l3g-arduino-master" -I"C:/Users/Andres/AppData/Local/Energia15/packages/energia/tools/arm-none-eabi-gcc/6.3.1-20170620/arm-none-eabi/include" -Os -ffunction-sections -fdata-sections -g -gdwarf-3 -gstrict-dwarf -w -Wall -fno-threadsafe-statics --param max-inline-insns-single=500 -mabi=aapcs -MMD -MP -MF"driverlib/ssi.d" -MT"driverlib/ssi.o"  -o"driverlib/ssi.o" "../driverlib/ssi.c"
driverlib/subdir_rules.mk:9: recipe for target 'driverlib/ssi.o' failed
../driverlib/ssi.c: In function 'SSIConfigSetExpClk':
../driverlib/ssi.c:254:52: error: 'SSI_CR1_SOD' undeclared (first use in this function)
     ui32RegVal = (ui32Mode == SSI_MODE_SLAVE_OD) ? SSI_CR1_SOD : 0;
                                                    ^~~~~~~~~~~
../driverlib/ssi.c:254:52: note: each undeclared identifier is reported only once for each function it appears in
gmake: *** [driverlib/ssi.o] Error 1
'Building file: "../driverlib/sysctl.c"'
'Invoking: GNU Compiler'
"C:/Users/Andres/AppData/Local/Energia15/packages/energia/tools/arm-none-eabi-gcc/6.3.1-20170620/bin/arm-none-eabi-gcc.exe" -c -mcpu=cortex-m4 -march=armv7e-m -mthumb -mfloat-abi=hard -mfpu=fpv4-sp-d16 -fno-exceptions -Dprintf=iprintf -DF_CPU=80000000L -DENERGIA_EK_TM4C123GXL -DENERGIA_ARCH_TIVAC -DENERGIA=21 -DARDUINO=10610 -I"C:/Users/Andres/AppData/Local/Energia15/packages/energia/hardware/tivac/1.0.3/variants/EK-TM4C123GXL" -I"C:/Users/Andres/AppData/Local/Energia15/packages/energia/hardware/tivac/1.0.3/system/driverlib" -I"C:/Users/Andres/AppData/Local/Energia15/packages/energia/hardware/tivac/1.0.3/system/inc" -I"C:/Users/Andres/AppData/Local/Energia15/packages/energia/hardware/tivac/1.0.3/system" -I"C:/Users/Andres/AppData/Local/Energia15/packages/energia/hardware/tivac/1.0.3/cores/tivac" -I"C:/Users/Andres/Documents/GitHub/Shank2.0/Programacion/CCS/Controladores" -I"C:/Users/Andres/AppData/Local/Energia15/packages/energia/hardware/tivac/1.0.3/libraries/Wire" -I"C:/Users/Andres/Documents/Energia/libraries/l3g-arduino-master" -I"C:/Users/Andres/AppData/Local/Energia15/packages/energia/tools/arm-none-eabi-gcc/6.3.1-20170620/arm-none-eabi/include" -Os -ffunction-sections -fdata-sections -g -gdwarf-3 -gstrict-dwarf -w -Wall -fno-threadsafe-statics --param max-inline-insns-single=500 -mabi=aapcs -MMD -MP -MF"driverlib/sysctl.d" -MT"driverlib/sysctl.o"  -o"driverlib/sysctl.o" "../driverlib/sysctl.c"
driverlib/subdir_rules.mk:9: recipe for target 'driverlib/sysctl.o' failed
../driverlib/sysctl.c: In function 'SysCtlClockGet':
../driverlib/sysctl.c:2868:18: error: 'SYSCTL_DC1_MINSYSDIV_66' undeclared (first use in this function)
             case SYSCTL_DC1_MINSYSDIV_66:
                  ^~~~~~~~~~~~~~~~~~~~~~~
../driverlib/sysctl.c:2868:18: note: each undeclared identifier is reported only once for each function it appears in
gmake: *** [driverlib/sysctl.o] Error 1
gmake: Target 'all' not remade because of errors.

**** Build Finished ****
