Removed Pin From Net: NetName=3.3V Pin=3.3V-1
Removed Pin From Net: NetName=3.3V Pin=Co-1
Removed Pin From Net: NetName=GND Pin=Co-2
Removed Pin From Net: NetName=3.3V Pin=I1-2
Removed Pin From Net: NetName=3.3V Pin=R1r-1
Removed Pin From Net: NetName=GND Pin=R2r-2
Removed Pin From Net: NetName=GND Pin=REG3-1
Removed Pin From Net: NetName=VDD Pin=REG3-2
Removed Pin From Net: NetName=VDD Pin=REG3-3
Removed Pin From Net: NetName=GND Pin=REG3-4
Removed Pin From Net: NetName=3.3V Pin=REG3-6
Removed Pin From Net: NetName=NetR3r_2 Pin=REG3-8
Removed Member From Class: ClassName=Shank2.0 Schematic Member=3.3V
Removed Member From Class: ClassName=Shank2.0 Schematic Member=Co
Removed Member From Class: ClassName=Shank2.0 Schematic Member=I1
Removed Member From Class: ClassName=Shank2.0 Schematic Member=R1r
Removed Member From Class: ClassName=Shank2.0 Schematic Member=R2r
Removed Member From Class: ClassName=Shank2.0 Schematic Member=REG3
Added Component: Designator=CP(CAPC2012X135N)
Added Component: Designator=CSS(CAPC2012X135N)
Added Component: Designator=LR(INDM2520X190N)
Added Component: Designator=REG 3(TPS62091)
Added Pin To Net: NetName=GND Pin=CSS-2
Added Pin To Net: NetName=3.3V Pin=LR-2
Added Pin To Net: NetName=GND Pin=REG 3-3
Added Pin To Net: NetName=NetR3r_2 Pin=REG 3-4
Added Pin To Net: NetName=GND Pin=REG 3-5
Added Pin To Net: NetName=GND Pin=REG 3-6
Added Pin To Net: NetName=VDD Pin=REG 3-10
Added Pin To Net: NetName=VDD Pin=REG 3-11
Added Pin To Net: NetName=VDD Pin=REG 3-12
Added Pin To Net: NetName=VDD Pin=REG 3-13
Added Pin To Net: NetName=GND Pin=REG 3-14
Added Pin To Net: NetName=GND Pin=REG 3-15
Added Pin To Net: NetName=3.3V Pin=REG 3-16
Added Pin To Net: NetName=NetCP_1 Pin=CP-1
Added Pin To Net: NetName=NetCP_1 Pin=REG 3-7
Added Net: Name=NetCP_1
Added Pin To Net: NetName=NetCP_2 Pin=CP-2
Added Pin To Net: NetName=NetCP_2 Pin=REG 3-8
Added Net: Name=NetCP_2
Added Pin To Net: NetName=NetCSS_1 Pin=CSS-1
Added Pin To Net: NetName=NetCSS_1 Pin=REG 3-9
Added Net: Name=NetCSS_1
Added Pin To Net: NetName=NetLR_1 Pin=LR-1
Added Pin To Net: NetName=NetLR_1 Pin=REG 3-1
Added Pin To Net: NetName=NetLR_1 Pin=REG 3-2
Added Net: Name=NetLR_1
Added Member To Class: ClassName=Shank2.0 Schematic Member=Component CP approved sub OK
Added Member To Class: ClassName=Shank2.0 Schematic Member=Component CSS approved sub OK
Added Member To Class: ClassName=Shank2.0 Schematic Member=Component LR 150n
Added Member To Class: ClassName=Shank2.0 Schematic Member=Component REG 3 TPS62091
