Replace Part 16MHz Component_1 in C:\Users\victo\Documents\Altium\Projects\Shank v2.0\Shank2.0 Schematic.SchDoc with Component_1 from xtal.SchLib
Replace Part BAT TESTPOINT_LEAD in C:\Users\victo\Documents\Altium\Projects\Shank v2.0\Shank2.0 Schematic.SchDoc with TESTPOINT_LEAD from PBL - Test Points.SCHLIB
Replace Part Bttery Header 2 in C:\Users\victo\Documents\Altium\Projects\Shank v2.0\Shank2.0 Schematic.SchDoc with Header 2 from Miscellaneous Connectors.IntLib
Replace Part C1 CAPC_10u_0805_10V in C:\Users\victo\Documents\Altium\Projects\Shank v2.0\Shank2.0 Schematic.SchDoc with CAPC_10u_0805_10V from PBL - Capacitors.SCHLIB
Replace Part C2 CAPC_10u_0805_10V in C:\Users\victo\Documents\Altium\Projects\Shank v2.0\Shank2.0 Schematic.SchDoc with CAPC_10u_0805_10V from PBL - Capacitors.SCHLIB
Replace Part C3 CAPC_10u_0805_10V in C:\Users\victo\Documents\Altium\Projects\Shank v2.0\Shank2.0 Schematic.SchDoc with CAPC_10u_0805_10V from PBL - Capacitors.SCHLIB
Replace Part C4 CAPC_10u_0805_10V in C:\Users\victo\Documents\Altium\Projects\Shank v2.0\Shank2.0 Schematic.SchDoc with CAPC_10u_0805_10V from PBL - Capacitors.SCHLIB
Replace Part C5 CAPC_10u_0805_10V in C:\Users\victo\Documents\Altium\Projects\Shank v2.0\Shank2.0 Schematic.SchDoc with CAPC_10u_0805_10V from PBL - Capacitors.SCHLIB
Replace Part C6 CAPC_10u_0805_10V in C:\Users\victo\Documents\Altium\Projects\Shank v2.0\Shank2.0 Schematic.SchDoc with CAPC_10u_0805_10V from PBL - Capacitors.SCHLIB
Replace Part C7 CAPC_10u_0805_10V in C:\Users\victo\Documents\Altium\Projects\Shank v2.0\Shank2.0 Schematic.SchDoc with CAPC_10u_0805_10V from PBL - Capacitors.SCHLIB
Replace Part C8 CAPC_10u_0805_10V in C:\Users\victo\Documents\Altium\Projects\Shank v2.0\Shank2.0 Schematic.SchDoc with CAPC_10u_0805_10V from PBL - Capacitors.SCHLIB
Replace Part C9 CAPC_10u_0805_10V in C:\Users\victo\Documents\Altium\Projects\Shank v2.0\Shank2.0 Schematic.SchDoc with CAPC_10u_0805_10V from PBL - Capacitors.SCHLIB
Replace Part CCP CAPC_1u_0805_X7R_16V_10% in C:\Users\victo\Documents\Altium\Projects\Shank v2.0\Shank2.0 Schematic.SchDoc with CAPC_1u_0805_X7R_16V_10% from PBL - Capacitors.SCHLIB
Replace Part Ci CAPC_10u_0805_10V in C:\Users\victo\Documents\Altium\Projects\Shank v2.0\Shank2.0 Schematic.SchDoc with CAPC_10u_0805_10V from PBL - Capacitors.SCHLIB
Replace Part CNT CAPC_2u2_0805 in C:\Users\victo\Documents\Altium\Projects\Shank v2.0\Shank2.0 Schematic.SchDoc with CAPC_2u2_0805 from PBL - Capacitors.SCHLIB
Replace Part CO CAPC_100n_1206_NP0_50V_5% in C:\Users\victo\Documents\Altium\Projects\Shank v2.0\Shank2.0 Schematic.SchDoc with CAPC_100n_1206_NP0_50V_5% from PBL - Capacitors.SCHLIB
Replace Part CP CAPC_10u_0805_10V in C:\Users\victo\Documents\Altium\Projects\Shank v2.0\Shank2.0 Schematic.SchDoc with CAPC_10u_0805_10V from PBL - Capacitors.SCHLIB
Replace Part CSS CAPC_10u_0805_10V in C:\Users\victo\Documents\Altium\Projects\Shank v2.0\Shank2.0 Schematic.SchDoc with CAPC_10u_0805_10V from PBL - Capacitors.SCHLIB
Replace Part CVC CAPC_10u_0805_10V in C:\Users\victo\Documents\Altium\Projects\Shank v2.0\Shank2.0 Schematic.SchDoc with CAPC_10u_0805_10V from PBL - Capacitors.SCHLIB
Replace Part CVM CAPT_10u_6032_16V in C:\Users\victo\Documents\Altium\Projects\Shank v2.0\Shank2.0 Schematic.SchDoc with CAPT_10u_6032_16V from PBL - Capacitors.SCHLIB
Replace Part Cx1 CAPC_10u_0805_10V in C:\Users\victo\Documents\Altium\Projects\Shank v2.0\Shank2.0 Schematic.SchDoc with CAPC_10u_0805_10V from PBL - Capacitors.SCHLIB
Replace Part Cx2 CAPC_10u_0805_10V in C:\Users\victo\Documents\Altium\Projects\Shank v2.0\Shank2.0 Schematic.SchDoc with CAPC_10u_0805_10V from PBL - Capacitors.SCHLIB
Replace Part D DIODE_SCHOTTKY_10MQ100NPBF in C:\Users\victo\Documents\Altium\Projects\Shank v2.0\Shank2.0 Schematic.SchDoc with DIODE_SCHOTTKY_10MQ100NPBF from PBL - Diodes.SCHLIB
Replace Part D1 LED1 in C:\Users\victo\Documents\Altium\Projects\Shank v2.0\Shank2.0 Schematic.SchDoc with LED1 from Miscellaneous Devices.IntLib
Replace Part D2 LED1 in C:\Users\victo\Documents\Altium\Projects\Shank v2.0\Shank2.0 Schematic.SchDoc with LED1 from Miscellaneous Devices.IntLib
Replace Part D3 LED1 in C:\Users\victo\Documents\Altium\Projects\Shank v2.0\Shank2.0 Schematic.SchDoc with LED1 from Miscellaneous Devices.IntLib
Replace Part D4 LED1 in C:\Users\victo\Documents\Altium\Projects\Shank v2.0\Shank2.0 Schematic.SchDoc with LED1 from Miscellaneous Devices.IntLib
Replace Part D5 LED1 in C:\Users\victo\Documents\Altium\Projects\Shank v2.0\Shank2.0 Schematic.SchDoc with LED1 from Miscellaneous Devices.IntLib
Replace Part D6 LED1 in C:\Users\victo\Documents\Altium\Projects\Shank v2.0\Shank2.0 Schematic.SchDoc with LED1 from Miscellaneous Devices.IntLib
Replace Part D11 LED0 in C:\Users\victo\Documents\Altium\Projects\Shank v2.0\Shank2.0 Schematic.SchDoc with LED0 from Miscellaneous Devices.IntLib
Replace Part D22 LED0 in C:\Users\victo\Documents\Altium\Projects\Shank v2.0\Shank2.0 Schematic.SchDoc with LED0 from Miscellaneous Devices.IntLib
Replace Part D33 LED0 in C:\Users\victo\Documents\Altium\Projects\Shank v2.0\Shank2.0 Schematic.SchDoc with LED0 from Miscellaneous Devices.IntLib
Replace Part D44 LED0 in C:\Users\victo\Documents\Altium\Projects\Shank v2.0\Shank2.0 Schematic.SchDoc with LED0 from Miscellaneous Devices.IntLib
Replace Part D55 LED0 in C:\Users\victo\Documents\Altium\Projects\Shank v2.0\Shank2.0 Schematic.SchDoc with LED0 from Miscellaneous Devices.IntLib
Replace Part D66 LED0 in C:\Users\victo\Documents\Altium\Projects\Shank v2.0\Shank2.0 Schematic.SchDoc with LED0 from Miscellaneous Devices.IntLib
Replace Part DEBUG USB_Micro_TypeB_FCI in C:\Users\victo\Documents\Altium\Projects\Shank v2.0\Shank2.0 Schematic.SchDoc with USB_Micro_TypeB_FCI from PBL - Connectors.SCHLIB
Replace Part DM DIODE_SCHOTTKY_40V_30mA_SOD-523F in C:\Users\victo\Documents\Altium\Projects\Shank v2.0\Shank2.0 Schematic.SchDoc with DIODE_SCHOTTKY_40V_30mA_SOD-523F from PBL - Diodes.SCHLIB
Replace Part G B A V MHDR1X6 in C:\Users\victo\Documents\Altium\Projects\Shank v2.0\Shank2.0 Schematic.SchDoc with MHDR1X6 from Miscellaneous Connectors.IntLib
Replace Part Gyro Header 8 in C:\Users\victo\Documents\Altium\Projects\Shank v2.0\Shank2.0 Schematic.SchDoc with Header 8 from Miscellaneous Connectors.IntLib
Replace Part IR1 RES_2K2_0805_1% in C:\Users\victo\Documents\Altium\Projects\Shank v2.0\Shank2.0 Schematic.SchDoc with RES_2K2_0805_1% from PBL - Resistors.SCHLIB
Replace Part IR2 RES_2K2_0805_1% in C:\Users\victo\Documents\Altium\Projects\Shank v2.0\Shank2.0 Schematic.SchDoc with RES_2K2_0805_1% from PBL - Resistors.SCHLIB
Replace Part IR3 RES_2K2_0805_1% in C:\Users\victo\Documents\Altium\Projects\Shank v2.0\Shank2.0 Schematic.SchDoc with RES_2K2_0805_1% from PBL - Resistors.SCHLIB
Replace Part IR4 RES_2K2_0805_1% in C:\Users\victo\Documents\Altium\Projects\Shank v2.0\Shank2.0 Schematic.SchDoc with RES_2K2_0805_1% from PBL - Resistors.SCHLIB
Replace Part IR5 RES_2K2_0805_1% in C:\Users\victo\Documents\Altium\Projects\Shank v2.0\Shank2.0 Schematic.SchDoc with RES_2K2_0805_1% from PBL - Resistors.SCHLIB
Replace Part IR6 RES_2K2_0805_1% in C:\Users\victo\Documents\Altium\Projects\Shank v2.0\Shank2.0 Schematic.SchDoc with RES_2K2_0805_1% from PBL - Resistors.SCHLIB
Replace Part IR11 RES_2K2_0805_1% in C:\Users\victo\Documents\Altium\Projects\Shank v2.0\Shank2.0 Schematic.SchDoc with RES_2K2_0805_1% from PBL - Resistors.SCHLIB
Replace Part IR22 RES_2K2_0805_1% in C:\Users\victo\Documents\Altium\Projects\Shank v2.0\Shank2.0 Schematic.SchDoc with RES_2K2_0805_1% from PBL - Resistors.SCHLIB
Replace Part IR33 RES_2K2_0805_1% in C:\Users\victo\Documents\Altium\Projects\Shank v2.0\Shank2.0 Schematic.SchDoc with RES_2K2_0805_1% from PBL - Resistors.SCHLIB
Replace Part IR44 RES_2K2_0805_1% in C:\Users\victo\Documents\Altium\Projects\Shank v2.0\Shank2.0 Schematic.SchDoc with RES_2K2_0805_1% from PBL - Resistors.SCHLIB
Replace Part IR55 RES_2K2_0805_1% in C:\Users\victo\Documents\Altium\Projects\Shank v2.0\Shank2.0 Schematic.SchDoc with RES_2K2_0805_1% from PBL - Resistors.SCHLIB
Replace Part IR66 RES_2K2_0805_1% in C:\Users\victo\Documents\Altium\Projects\Shank v2.0\Shank2.0 Schematic.SchDoc with RES_2K2_0805_1% from PBL - Resistors.SCHLIB
Replace Part L1 LED_SMD_Red_0805_6mcd in C:\Users\victo\Documents\Altium\Projects\Shank v2.0\Shank2.0 Schematic.SchDoc with LED_SMD_Red_0805_6mcd from PBL - Light Sources.SCHLIB
Replace Part L2 LED_SMD_Red_0805_6mcd in C:\Users\victo\Documents\Altium\Projects\Shank v2.0\Shank2.0 Schematic.SchDoc with LED_SMD_Red_0805_6mcd from PBL - Light Sources.SCHLIB
Replace Part LED ON LED_SMD_Red_0805_6mcd in C:\Users\victo\Documents\Altium\Projects\Shank v2.0\Shank2.0 Schematic.SchDoc with LED_SMD_Red_0805_6mcd from PBL - Light Sources.SCHLIB
Replace Part LR INDC_150n_1008 in C:\Users\victo\Documents\Altium\Projects\Shank v2.0\Shank2.0 Schematic.SchDoc with INDC_150n_1008 from PBL - Inductors.SCHLIB
Replace Part M1 Header 2 in C:\Users\victo\Documents\Altium\Projects\Shank v2.0\Shank2.0 Schematic.SchDoc with Header 2 from Miscellaneous Connectors.IntLib
Replace Part M2 Header 2 in C:\Users\victo\Documents\Altium\Projects\Shank v2.0\Shank2.0 Schematic.SchDoc with Header 2 from Miscellaneous Connectors.IntLib
Replace Part MICRO TM4C123GH6PMT7R in C:\Users\victo\Documents\Altium\Projects\Shank v2.0\Shank2.0 Schematic.SchDoc with TM4C123GH6PMT7R from TM4C123GH6PM.SchLib
Replace Part OFF ON Header 3 in C:\Users\victo\Documents\Altium\Projects\Shank v2.0\Shank2.0 Schematic.SchDoc with Header 3 from Miscellaneous Connectors.IntLib
Replace Part P2 Header 2 in C:\Users\victo\Documents\Altium\Projects\Shank v2.0\Shank2.0 Schematic.SchDoc with Header 2 from Miscellaneous Connectors.IntLib
Replace Part P3 Header 2 in C:\Users\victo\Documents\Altium\Projects\Shank v2.0\Shank2.0 Schematic.SchDoc with Header 2 from Miscellaneous Connectors.IntLib
Replace Part R3.3 RES_2K2_0805_1% in C:\Users\victo\Documents\Altium\Projects\Shank v2.0\Shank2.0 Schematic.SchDoc with RES_2K2_0805_1% from PBL - Resistors.SCHLIB
Replace Part R3r RES_2K2_0805_1% in C:\Users\victo\Documents\Altium\Projects\Shank v2.0\Shank2.0 Schematic.SchDoc with RES_2K2_0805_1% from PBL - Resistors.SCHLIB
Replace Part REG 3 TPS62091 in C:\Users\victo\Documents\Altium\Projects\Shank v2.0\Shank2.0 Schematic.SchDoc with TPS62091 from TPS62091.SchLib
Replace Part RESET SW_SMD_PB_4.3mm in C:\Users\victo\Documents\Altium\Projects\Shank v2.0\Shank2.0 Schematic.SchDoc with SW_SMD_PB_4.3mm from PBL - Switches.SCHLIB
Replace Part RL1 RES_2K2_0805_1% in C:\Users\victo\Documents\Altium\Projects\Shank v2.0\Shank2.0 Schematic.SchDoc with RES_2K2_0805_1% from PBL - Resistors.SCHLIB
Replace Part RL2 RES_2K2_0805_1% in C:\Users\victo\Documents\Altium\Projects\Shank v2.0\Shank2.0 Schematic.SchDoc with RES_2K2_0805_1% from PBL - Resistors.SCHLIB
Replace Part Rrst RES_205K_0805_1% in C:\Users\victo\Documents\Altium\Projects\Shank v2.0\Shank2.0 Schematic.SchDoc with RES_205K_0805_1% from PBL - Resistors.SCHLIB
Replace Part RS1 RES_1K5_0805_1% in C:\Users\victo\Documents\Altium\Projects\Shank v2.0\Shank2.0 Schematic.SchDoc with RES_1K5_0805_1% from PBL - Resistors.SCHLIB
Replace Part RS2 RES_1K5_0805_1% in C:\Users\victo\Documents\Altium\Projects\Shank v2.0\Shank2.0 Schematic.SchDoc with RES_1K5_0805_1% from PBL - Resistors.SCHLIB
Replace Part Rscl RES_2K2_0805_1% in C:\Users\victo\Documents\Altium\Projects\Shank v2.0\Shank2.0 Schematic.SchDoc with RES_2K2_0805_1% from PBL - Resistors.SCHLIB
Replace Part Rsda RES_2K2_0805_1% in C:\Users\victo\Documents\Altium\Projects\Shank v2.0\Shank2.0 Schematic.SchDoc with RES_2K2_0805_1% from PBL - Resistors.SCHLIB
Replace Part S1 SW_SMD_PB_4.3mm in C:\Users\victo\Documents\Altium\Projects\Shank v2.0\Shank2.0 Schematic.SchDoc with SW_SMD_PB_4.3mm from PBL - Switches.SCHLIB
Replace Part S2 SW_SMD_PB_4.3mm in C:\Users\victo\Documents\Altium\Projects\Shank v2.0\Shank2.0 Schematic.SchDoc with SW_SMD_PB_4.3mm from PBL - Switches.SCHLIB
Replace Part TX  RX Header 2 in C:\Users\victo\Documents\Altium\Projects\Shank v2.0\Shank2.0 Schematic.SchDoc with Header 2 from Miscellaneous Connectors.IntLib
Replace Part ULN Component_1 in C:\Users\victo\Documents\Altium\Projects\Shank v2.0\Shank2.0 Schematic.SchDoc with Component_1 from ULN2003.SchLib
Replace Part V A B G MHDR1X6 in C:\Users\victo\Documents\Altium\Projects\Shank v2.0\Shank2.0 Schematic.SchDoc with MHDR1X6 from Miscellaneous Connectors.IntLib
Replace Part WIFI Header 4X2 in C:\Users\victo\Documents\Altium\Projects\Shank v2.0\Shank2.0 Schematic.SchDoc with Header 4X2 from Miscellaneous Connectors.IntLib
