Removed Pin From Net: NetName=BZON Pin=ULN-1
Removed Pin From Net: NetName=IR1 Pin=ULN-2
Removed Pin From Net: NetName=IR2 Pin=ULN-3
Removed Pin From Net: NetName=IR3 Pin=ULN-4
Removed Pin From Net: NetName=IR4 Pin=ULN-5
Removed Pin From Net: NetName=IR5 Pin=ULN-6
Removed Pin From Net: NetName=IR6 Pin=ULN-7
Removed Pin From Net: NetName=LED_E6 Pin=ULN-10
Removed Pin From Net: NetName=LED_E5 Pin=ULN-11
Removed Pin From Net: NetName=LED_E4 Pin=ULN-12
Removed Pin From Net: NetName=LED_E3 Pin=ULN-13
Removed Pin From Net: NetName=LED_E2 Pin=ULN-14
Removed Pin From Net: NetName=LED_E1 Pin=ULN-15
Removed Pin From Net: NetName=BZ Pin=ULN-16
Added Pin To Net: NetName=IR1 Pin=ULN-1
Added Pin To Net: NetName=IR2 Pin=ULN-2
Added Pin To Net: NetName=IR3 Pin=ULN-3
Added Pin To Net: NetName=IR4 Pin=ULN-4
Added Pin To Net: NetName=IR5 Pin=ULN-5
Added Pin To Net: NetName=IR6 Pin=ULN-6
Added Pin To Net: NetName=BZON Pin=ULN-7
Added Pin To Net: NetName=BZ Pin=ULN-10
Added Pin To Net: NetName=LED_E6 Pin=ULN-11
Added Pin To Net: NetName=LED_E5 Pin=ULN-12
Added Pin To Net: NetName=LED_E4 Pin=ULN-13
Added Pin To Net: NetName=LED_E3 Pin=ULN-14
Added Pin To Net: NetName=LED_E2 Pin=ULN-15
Added Pin To Net: NetName=LED_E1 Pin=ULN-16
